<?xml version="1.0" encoding="UTF-8"?>
<!-- Generated by org.testng.reporters.JUnitReportReporter -->
<testsuite skipped="0" hostname="LAPTOP-DOK5TEHQ" name="testCases.GmailHomePage" tests="1" failures="0" timestamp="17 Feb 2019 18:56:09 GMT" time="12.416" errors="0">
  <testcase name="loadPage" time="12.416" classname="testCases.GmailHomePage"/>
</testsuite> <!-- testCases.GmailHomePage -->
