<?xml version="1.0" encoding="UTF-8"?>
<!-- Generated by org.testng.reporters.JUnitReportReporter -->
<testsuite skipped="0" hostname="LAPTOP-DOK5TEHQ" name="testCases.YouTubeHomePage" tests="1" failures="0" timestamp="17 Feb 2019 19:04:11 GMT" time="16.217" errors="0">
  <testcase name="loadPage" time="16.217" classname="testCases.YouTubeHomePage"/>
</testsuite> <!-- testCases.YouTubeHomePage -->
