<?xml version="1.0" encoding="UTF-8"?>
<!-- Generated by org.testng.reporters.JUnitReportReporter -->
<testsuite skipped="0" hostname="LAPTOP-DOK5TEHQ" name="GmailHomePage" tests="1" failures="0" timestamp="25 Jan 2019 07:35:01 GMT" time="17.588" errors="0">
  <testcase name="loadPage" time="17.588" classname="GmailHomePage"/>
</testsuite> <!-- GmailHomePage -->
